Arguments: 
  /usr/local/bin/node /usr/local/bin/yarn version

PATH: 
  /usr/local/bin:/usr/bin:/bin:/usr/sbin:/sbin:/Applications/VMware Fusion.app/Contents/Public:/opt/X11/bin:/Library/Apple/usr/bin:/Library/Frameworks/Mono.framework/Versions/Current/Commands:/Users/serverveskrini/WebstormProjects/bluesnake/node_modules/.bin

Yarn version: 
  1.22.11

Node version: 
  14.17.3

Platform: 
  darwin x64

Trace: 
  SyntaxError: /Users/serverveskrini/WebstormProjects/bluesnake/package.json: Unexpected token } in JSON at position 230
      at JSON.parse (<anonymous>)
      at /usr/local/lib/node_modules/yarn/lib/cli.js:1625:59
      at Generator.next (<anonymous>)
      at step (/usr/local/lib/node_modules/yarn/lib/cli.js:310:30)
      at /usr/local/lib/node_modules/yarn/lib/cli.js:321:13

npm manifest: 
  {
    "private": true,
    "scripts": {
      "build:client": "lerna run build --scope={}",
      "build:server": ""
    },
    "workspaces": {
      "packages": [
        "packages/*"
      ]
    },
    "devDependencies": {
      "lerna": "^4.0.0"
    },
  }

yarn manifest: 
  No manifest

Lockfile: 
  No lockfile
